Arguments: 
  /usr/local/bin/node /Users/k/.yarn/bin/yarn.js comment-service/

PATH: 
  /Users/k/.yarn/bin:/Users/k/.config/yarn/global/node_modules/.bin:/usr/local/bin:/usr/bin:/bin:/usr/sbin:/sbin:/usr/local/go/bin:/usr/local/go/bin

Yarn version: 
  1.5.1

Node version: 
  8.9.1

Platform: 
  darwin x64

npm manifest: 
  No manifest

yarn manifest: 
  No manifest

Lockfile: 
  No lockfile

Trace: 
  Error: Couldn't find a package.json file in "/Users/k/Desktop/ikoreatown-microservices"
      at new MessageError (/Users/k/.yarn/lib/cli.js:186:110)
      at /Users/k/.yarn/lib/cli.js:40048:15
      at Generator.next (<anonymous>)
      at step (/Users/k/.yarn/lib/cli.js:98:30)
      at /Users/k/.yarn/lib/cli.js:109:13
      at <anonymous>
